<?xml version="1.0" encoding="UTF-8"?>
<!-- Generated by org.testng.reporters.JUnitReportReporter -->
<testsuite skipped="0" hostname="DESKTOP-UJOHP7E" name="kaizen.screenshots" tests="1" failures="0" timestamp="2020-01-09T15:35:55 EAT" time="20.911" errors="0">
  <testcase name="testGuru99TakeScreenShot" time="20.911" classname="kaizen.screenshots"/>
</testsuite> <!-- kaizen.screenshots -->
